2025-03-09 01:50:29,100 INFO    MainThread:37788 [wandb_setup.py:_flush():67] Current SDK version is 0.19.7
2025-03-09 01:50:29,101 INFO    MainThread:37788 [wandb_setup.py:_flush():67] Configure stats pid to 37788
2025-03-09 01:50:29,102 INFO    MainThread:37788 [wandb_setup.py:_flush():67] Loading settings from C:\Users\skrit\.config\wandb\settings
2025-03-09 01:50:29,102 INFO    MainThread:37788 [wandb_setup.py:_flush():67] Loading settings from C:\Users\skrit\Documents\IntroDL\DA6401_Assgn1\wandb\settings
2025-03-09 01:50:29,102 INFO    MainThread:37788 [wandb_setup.py:_flush():67] Loading settings from environment variables
2025-03-09 01:50:29,103 INFO    MainThread:37788 [wandb_init.py:setup_run_log_directory():647] Logging user logs to C:\Users\skrit\Documents\IntroDL\DA6401_Assgn1\wandb\run-20250309_015029-d5zifc4z\logs\debug.log
2025-03-09 01:50:29,104 INFO    MainThread:37788 [wandb_init.py:setup_run_log_directory():648] Logging internal logs to C:\Users\skrit\Documents\IntroDL\DA6401_Assgn1\wandb\run-20250309_015029-d5zifc4z\logs\debug-internal.log
2025-03-09 01:50:29,104 INFO    MainThread:37788 [wandb_init.py:init():761] calling init triggers
2025-03-09 01:50:29,105 INFO    MainThread:37788 [wandb_init.py:init():766] wandb.init called with sweep_config: {}
config: {'wandb_project': 'DA6401_Assignment1', 'wandb_entity': 'ns25z040-indian-institute-of-technology-madras', 'dataset': 'fashion_mnist', 'epochs': 30, 'batch_size': 256, 'loss': 'cross_entropy', 'optimizer': 'nadam', 'learning_rate': 0.001, 'momentum': 0.5, 'beta': 0.5, 'beta1': 0.9, 'beta2': 0.999, 'epsilon': 1e-06, 'weight_decay': 0.0, 'weight_init': 'Xavier', 'num_layers': 3, 'hidden_size': 256, 'activation': 'tanh', '_wandb': {}}
2025-03-09 01:50:29,105 INFO    MainThread:37788 [wandb_init.py:init():784] starting backend
2025-03-09 01:50:29,105 INFO    MainThread:37788 [wandb_init.py:init():788] sending inform_init request
2025-03-09 01:50:29,202 INFO    MainThread:37788 [backend.py:_multiprocessing_setup():97] multiprocessing start_methods=spawn, using: spawn
2025-03-09 01:50:29,204 INFO    MainThread:37788 [wandb_init.py:init():803] backend started and connected
2025-03-09 01:50:29,207 INFO    MainThread:37788 [wandb_init.py:init():896] updated telemetry
2025-03-09 01:50:29,283 INFO    MainThread:37788 [wandb_init.py:init():920] communicating run to backend with 90.0 second timeout
2025-03-09 01:50:29,889 INFO    MainThread:37788 [wandb_init.py:init():995] starting run threads in backend
2025-03-09 01:50:30,146 INFO    MainThread:37788 [wandb_run.py:_console_start():2377] atexit reg
2025-03-09 01:50:30,147 INFO    MainThread:37788 [wandb_run.py:_redirect():2227] redirect: wrap_raw
2025-03-09 01:50:30,147 INFO    MainThread:37788 [wandb_run.py:_redirect():2292] Wrapping output streams.
2025-03-09 01:50:30,147 INFO    MainThread:37788 [wandb_run.py:_redirect():2317] Redirects installed.
2025-03-09 01:50:30,152 INFO    MainThread:37788 [wandb_init.py:init():1037] run started, returning control to user process
2025-03-09 01:53:01,555 WARNING MsgRouterThr:37788 [router.py:message_loop():77] message_loop has been closed
Traceback (most recent call last):
  File "C:\Users\skrit\miniconda3\envs\medllm\Lib\site-packages\wandb\sdk\interface\router_sock.py", line 28, in _read_message
    resp = self._sock_client.read_server_response(timeout=1)
           ^^^^^^^^^^^^^^^^^^^^^^^^^^^^^^^^^^^^^^^^^^^^^^^^^
  File "C:\Users\skrit\miniconda3\envs\medllm\Lib\site-packages\wandb\sdk\lib\sock_client.py", line 285, in read_server_response
    data = self._read_packet_bytes(timeout=timeout)
           ^^^^^^^^^^^^^^^^^^^^^^^^^^^^^^^^^^^^^^^^
  File "C:\Users\skrit\miniconda3\envs\medllm\Lib\site-packages\wandb\sdk\lib\sock_client.py", line 270, in _read_packet_bytes
    raise SockClientClosedError
wandb.sdk.lib.sock_client.SockClientClosedError

The above exception was the direct cause of the following exception:

Traceback (most recent call last):
  File "C:\Users\skrit\miniconda3\envs\medllm\Lib\site-packages\wandb\sdk\interface\router.py", line 70, in message_loop
    msg = self._read_message()
          ^^^^^^^^^^^^^^^^^^^^
  File "C:\Users\skrit\miniconda3\envs\medllm\Lib\site-packages\wandb\sdk\interface\router_sock.py", line 30, in _read_message
    raise MessageRouterClosedError from e
wandb.sdk.interface.router.MessageRouterClosedError
2025-03-09 01:53:01,557 INFO    MsgRouterThr:37788 [mailbox.py:close():115] Closing mailbox, abandoning 1 handles.
